<?xml version="1.0" encoding="UTF-8"?>
<!-- Generated by org.testng.reporters.JUnitReportReporter -->
<testsuite hostname="DESKTOP-48SKRPN" failures="0" tests="3" name="Customers.login" time="5.461" errors="0" timestamp="2023-01-15T22:52:14 EET" skipped="0">
  <testcase classname="Customers.login" name="LoginAsCustomer" time="1.678"/>
  <system-out/>
  <testcase classname="Customers.login" name="AddingAmount" time="3.659"/>
  <system-out/>
  <testcase classname="Customers.login" name="Withdraw_invalid_amount" time="0.124"/>
  <system-out/>
</testsuite> <!-- Customers.login -->
