<?xml version="1.0" encoding="UTF-8"?>
<!-- Generated by org.testng.reporters.JUnitReportReporter -->
<testsuite hostname="DESKTOP-48SKRPN" failures="0" tests="3" name="Managers.login" time="2.555" errors="0" timestamp="2023-01-15T23:43:48 EET" skipped="0">
  <testcase classname="Managers.login" name="LoginAsManagerAndAddCustomer" time="1.365"/>
  <system-out/>
  <testcase classname="Managers.login" name="OpenAccount" time="0.572"/>
  <system-out/>
  <testcase classname="Managers.login" name="CustomersPage" time="0.618"/>
  <system-out/>
</testsuite> <!-- Managers.login -->
